#
# There is insufficient memory for the Java Runtime Environment to continue.
# Native memory allocation (malloc) failed to allocate 32744 bytes. Error detail: Chunk::new
# Possible reasons:
#   The system is out of physical RAM or swap space
#   This process is running with CompressedOops enabled, and the Java Heap may be blocking the growth of the native heap
# Possible solutions:
#   Reduce memory load on the system
#   Increase physical memory or swap space
#   Check if swap backing store is full
#   Decrease Java heap size (-Xmx/-Xms)
#   Decrease number of Java threads
#   Decrease Java thread stack sizes (-Xss)
#   Set larger code cache with -XX:ReservedCodeCacheSize=
#   JVM is running with Unscaled Compressed Oops mode in which the Java heap is
#     placed in the first 4GB address space. The Java Heap base address is the
#     maximum limit for the native heap growth. Please use -XX:HeapBaseMinAddress
#     to set the Java Heap base and to place the Java Heap above 4GB virtual address.
# This output file may be truncated or incomplete.
#
#  Out of Memory Error (arena.cpp:149), pid=106368, tid=106188
#
# JRE version: Java(TM) SE Runtime Environment (23.0.1+11) (build 23.0.1+11-39)
# Java VM: Java HotSpot(TM) 64-Bit Server VM (23.0.1+11-39, mixed mode, sharing, tiered, compressed oops, compressed class ptrs, g1 gc, windows-amd64)
# No core dump will be written. Minidumps are not enabled by default on client versions of Windows
#

---------------  S U M M A R Y ------------

Command Line: -Dfile.encoding=UTF-8 -Dstdout.encoding=UTF-8 -Dstderr.encoding=UTF-8 -XX:+ShowCodeDetailsInExceptionMessages WebDriverAssignments.RedBus

Host: 11th Gen Intel(R) Core(TM) i5-1135G7 @ 2.40GHz, 8 cores, 7G,  Windows 11 , 64 bit Build 22621 (10.0.22621.4391)
Time: Thu Jan 30 15:42:45 2025 India Standard Time elapsed time: 5.952339 seconds (0d 0h 0m 5s)

---------------  T H R E A D  ---------------

Current thread (0x000001dd29c8f630):  JavaThread "C2 CompilerThread0" daemon [_thread_in_native, id=106188, stack(0x000000ab40d00000,0x000000ab40e00000) (1024K)]


Current CompileTask:
C2:5952 1437       4       java.lang.StringBuilder::append (8 bytes)

Stack: [0x000000ab40d00000,0x000000ab40e00000]
Native frames: (J=compiled Java code, j=interpreted, Vv=VM code, C=native code)
V  [jvm.dll+0x6e08b9]  (no source info available)
V  [jvm.dll+0x87dc83]  (no source info available)
V  [jvm.dll+0x88010e]  (no source info available)
V  [jvm.dll+0x8807e3]  (no source info available)
V  [jvm.dll+0x27aee6]  (no source info available)
V  [jvm.dll+0xbc06f]  (no source info available)
V  [jvm.dll+0xbc2cb]  (no source info available)
V  [jvm.dll+0x6e7971]  (no source info available)
V  [jvm.dll+0x6e60d2]  (no source info available)
V  [jvm.dll+0x244e9a]  (no source info available)
V  [jvm.dll+0x243dff]  (no source info available)
V  [jvm.dll+0x1c33a0]  (no source info available)
V  [jvm.dll+0x253cf1]  (no source info available)
V  [jvm.dll+0x251faa]  (no source info available)
V  [jvm.dll+0x3ee036]  (no source info available)
V  [jvm.dll+0x824f8b]  (no source info available)
V  [jvm.dll+0x6df065]  (no source info available)
C  [ucrtbase.dll+0x29333]  (no source info available)
C  [KERNEL32.DLL+0x1259d]  (no source info available)
C  [ntdll.dll+0x5af38]  (no source info available)

Lock stack of current Java thread (top to bottom):


---------------  P R O C E S S  ---------------

Threads class SMR info:
_java_thread_list=0x000001dd6f02d040, length=20, elements={
0x000001dd0adfd060, 0x000001dd29c7b6b0, 0x000001dd29c7c170, 0x000001dd29c7f390,
0x000001dd29c80300, 0x000001dd29c80b90, 0x000001dd29c812f0, 0x000001dd29c8f630,
0x000001dd29c9c720, 0x000001dd6f0f5850, 0x000001dd6f0f8ae0, 0x000001dd6f189e30,
0x000001dd6f983f00, 0x000001dd6f7d49f0, 0x000001dd6f7ea4a0, 0x000001dd6f831060,
0x000001dd6f835f00, 0x000001dd6f0ad920, 0x000001dd6fcc3040, 0x000001dd6f02c1d0
}

Java Threads: ( => current thread )
  0x000001dd0adfd060 JavaThread "Forwarding newSession on session null to remote"        [_thread_blocked, id=106316, stack(0x000000ab3ff00000,0x000000ab40000000) (1024K)]
  0x000001dd29c7b6b0 JavaThread "Reference Handler"          daemon [_thread_blocked, id=102228, stack(0x000000ab40700000,0x000000ab40800000) (1024K)]
  0x000001dd29c7c170 JavaThread "Finalizer"                  daemon [_thread_blocked, id=57308, stack(0x000000ab40800000,0x000000ab40900000) (1024K)]
  0x000001dd29c7f390 JavaThread "Signal Dispatcher"          daemon [_thread_blocked, id=63168, stack(0x000000ab40900000,0x000000ab40a00000) (1024K)]
  0x000001dd29c80300 JavaThread "Attach Listener"            daemon [_thread_blocked, id=104888, stack(0x000000ab40a00000,0x000000ab40b00000) (1024K)]
  0x000001dd29c80b90 JavaThread "Service Thread"             daemon [_thread_blocked, id=100884, stack(0x000000ab40b00000,0x000000ab40c00000) (1024K)]
  0x000001dd29c812f0 JavaThread "Monitor Deflation Thread"   daemon [_thread_blocked, id=104144, stack(0x000000ab40c00000,0x000000ab40d00000) (1024K)]
=>0x000001dd29c8f630 JavaThread "C2 CompilerThread0"         daemon [_thread_in_native, id=106188, stack(0x000000ab40d00000,0x000000ab40e00000) (1024K)]
  0x000001dd29c9c720 JavaThread "C1 CompilerThread0"         daemon [_thread_in_vm, id=105212, stack(0x000000ab40e00000,0x000000ab40f00000) (1024K)]
  0x000001dd6f0f5850 JavaThread "Notification Thread"        daemon [_thread_blocked, id=105096, stack(0x000000ab40f00000,0x000000ab41000000) (1024K)]
  0x000001dd6f0f8ae0 JavaThread "Common-Cleaner"             daemon [_thread_blocked, id=104576, stack(0x000000ab41000000,0x000000ab41100000) (1024K)]
  0x000001dd6f189e30 JavaThread "ForkJoinPool.commonPool-worker-1" daemon [_thread_blocked, id=105188, stack(0x000000ab41100000,0x000000ab41200000) (1024K)]
  0x000001dd6f983f00 JavaThread "HttpClient-1-SelectorManager" daemon [_thread_in_native, id=101212, stack(0x000000ab41200000,0x000000ab41300000) (1024K)]
  0x000001dd6f7d49f0 JavaThread "External Process Output Forwarder - C:\Users\Hp\.cache\selenium\msedgedriver\win64\132.0.2957.127\msedgedriver.exe" daemon [_thread_in_native, id=104832, stack(0x000000ab41300000,0x000000ab41400000) (1024K)]
  0x000001dd6f7ea4a0 JavaThread "Driver Service Executor"    daemon [_thread_blocked, id=95408, stack(0x000000ab41400000,0x000000ab41500000) (1024K)]
  0x000001dd6f831060 JavaThread "Driver Service Executor"    daemon [_thread_in_native, id=106044, stack(0x000000ab41500000,0x000000ab41600000) (1024K)]
  0x000001dd6f835f00 JavaThread "UrlChecker-2"               daemon [_thread_blocked, id=105360, stack(0x000000ab41600000,0x000000ab41700000) (1024K)]
  0x000001dd6f0ad920 JavaThread "Keep-Alive-Timer"           daemon [_thread_blocked, id=100252, stack(0x000000ab41800000,0x000000ab41900000) (1024K)]
  0x000001dd6fcc3040 JavaThread "JdkHttpClient-0-0"          daemon [_thread_in_Java, id=96556, stack(0x000000ab41900000,0x000000ab41a00000) (1024K)]
  0x000001dd6f02c1d0 JavaThread "CompletableFutureDelayScheduler" daemon [_thread_blocked, id=106264, stack(0x000000ab41a00000,0x000000ab41b00000) (1024K)]
Total: 20

Other Threads:
  0x000001dd29c60bf0 VMThread "VM Thread"                           [id=105840, stack(0x000000ab40600000,0x000000ab40700000) (1024K)]
  0x000001dd29c4be40 WatcherThread "VM Periodic Task Thread"        [id=105480, stack(0x000000ab40500000,0x000000ab40600000) (1024K)]
  0x000001dd0d1ec240 WorkerThread "GC Thread#0"                     [id=104932, stack(0x000000ab40000000,0x000000ab40100000) (1024K)]
  0x000001dd0d200480 ConcurrentGCThread "G1 Main Marker"            [id=98456, stack(0x000000ab40100000,0x000000ab40200000) (1024K)]
  0x000001dd0d200f90 WorkerThread "G1 Conc#0"                       [id=105320, stack(0x000000ab40200000,0x000000ab40300000) (1024K)]
  0x000001dd0d25e010 ConcurrentGCThread "G1 Refine#0"               [id=97928, stack(0x000000ab40300000,0x000000ab40400000) (1024K)]
  0x000001dd0d25eb90 ConcurrentGCThread "G1 Service"                [id=98536, stack(0x000000ab40400000,0x000000ab40500000) (1024K)]
Total: 7

Threads with active compile tasks:
C2 CompilerThread0  6016 1437       4       java.lang.StringBuilder::append (8 bytes)
Total: 1

VM state: not at safepoint (normal execution)

VM Mutex/Monitor currently owned by a thread: None

Heap address: 0x0000000085a00000, size: 1958 MB, Compressed Oops mode: 32-bit

CDS archive(s) mapped at: [0x000001dd2a000000-0x000001dd2ad70000-0x000001dd2ad70000), size 14090240, SharedBaseAddress: 0x000001dd2a000000, ArchiveRelocationMode: 1.
Compressed class space mapped at: 0x000001dd2b000000-0x000001dd6b000000, reserved size: 1073741824
Narrow klass base: 0x000001dd2a000000, Narrow klass shift: 0, Narrow klass range: 0x41000000

GC Precious Log:
 CardTable entry size: 512
 Card Set container configuration: InlinePtr #cards 5 size 8 Array Of Cards #cards 10 size 36 Howl #buckets 4 coarsen threshold 1843 Howl Bitmap #cards 512 size 80 coarsen threshold 460 Card regions per heap region 1 cards per card region 2048
 CPUs: 8 total, 8 available
 Memory: 7831M
 Large Page Support: Disabled
 NUMA Support: Disabled
 Compressed Oops: Enabled (32-bit)
 Heap Region Size: 1M
 Heap Min Capacity: 8M
 Heap Initial Capacity: 124M
 Heap Max Capacity: 1958M
 Pre-touch: Disabled
 Parallel Workers: 8
 Concurrent Workers: 2
 Concurrent Refinement Workers: 8
 Periodic GC: Disabled

Heap:
 garbage-first heap   total reserved 2004992K, committed 126976K, used 24576K [0x0000000085a00000, 0x0000000100000000)
  region size 1024K, 23 young (23552K), 0 survivors (0K)
 Metaspace       used 10706K, committed 11008K, reserved 1114112K
  class space    used 1305K, committed 1408K, reserved 1048576K

Heap Regions: E=young(eden), S=young(survivor), O=old, HS=humongous(starts), HC=humongous(continues), CS=collection set, F=free, TAMS=top-at-mark-start, PB=parsable bottom
|   0|0x0000000085a00000, 0x0000000085b00000, 0x0000000085b00000|100%|HS|  |TAMS 0x0000000085a00000| PB 0x0000000085a00000| Complete |  0
|   1|0x0000000085b00000, 0x0000000085c00000, 0x0000000085c00000|100%|HC|  |TAMS 0x0000000085b00000| PB 0x0000000085b00000| Complete |  0
|   2|0x0000000085c00000, 0x0000000085d00000, 0x0000000085d00000|100%|HC|  |TAMS 0x0000000085c00000| PB 0x0000000085c00000| Complete |  0
|   3|0x0000000085d00000, 0x0000000085d00000, 0x0000000085e00000|  0%| F|  |TAMS 0x0000000085d00000| PB 0x0000000085d00000| Untracked |  0
|   4|0x0000000085e00000, 0x0000000085e00000, 0x0000000085f00000|  0%| F|  |TAMS 0x0000000085e00000| PB 0x0000000085e00000| Untracked |  0
|   5|0x0000000085f00000, 0x0000000085f00000, 0x0000000086000000|  0%| F|  |TAMS 0x0000000085f00000| PB 0x0000000085f00000| Untracked |  0
|   6|0x0000000086000000, 0x0000000086000000, 0x0000000086100000|  0%| F|  |TAMS 0x0000000086000000| PB 0x0000000086000000| Untracked |  0
|   7|0x0000000086100000, 0x0000000086100000, 0x0000000086200000|  0%| F|  |TAMS 0x0000000086100000| PB 0x0000000086100000| Untracked |  0
|   8|0x0000000086200000, 0x0000000086200000, 0x0000000086300000|  0%| F|  |TAMS 0x0000000086200000| PB 0x0000000086200000| Untracked |  0
|   9|0x0000000086300000, 0x0000000086300000, 0x0000000086400000|  0%| F|  |TAMS 0x0000000086300000| PB 0x0000000086300000| Untracked |  0
|  10|0x0000000086400000, 0x0000000086400000, 0x0000000086500000|  0%| F|  |TAMS 0x0000000086400000| PB 0x0000000086400000| Untracked |  0
|  11|0x0000000086500000, 0x0000000086500000, 0x0000000086600000|  0%| F|  |TAMS 0x0000000086500000| PB 0x0000000086500000| Untracked |  0
|  12|0x0000000086600000, 0x0000000086600000, 0x0000000086700000|  0%| F|  |TAMS 0x0000000086600000| PB 0x0000000086600000| Untracked |  0
|  13|0x0000000086700000, 0x0000000086700000, 0x0000000086800000|  0%| F|  |TAMS 0x0000000086700000| PB 0x0000000086700000| Untracked |  0
|  14|0x0000000086800000, 0x0000000086800000, 0x0000000086900000|  0%| F|  |TAMS 0x0000000086800000| PB 0x0000000086800000| Untracked |  0
|  15|0x0000000086900000, 0x0000000086900000, 0x0000000086a00000|  0%| F|  |TAMS 0x0000000086900000| PB 0x0000000086900000| Untracked |  0
|  16|0x0000000086a00000, 0x0000000086a00000, 0x0000000086b00000|  0%| F|  |TAMS 0x0000000086a00000| PB 0x0000000086a00000| Untracked |  0
|  17|0x0000000086b00000, 0x0000000086b00000, 0x0000000086c00000|  0%| F|  |TAMS 0x0000000086b00000| PB 0x0000000086b00000| Untracked |  0
|  18|0x0000000086c00000, 0x0000000086c00000, 0x0000000086d00000|  0%| F|  |TAMS 0x0000000086c00000| PB 0x0000000086c00000| Untracked |  0
|  19|0x0000000086d00000, 0x0000000086d00000, 0x0000000086e00000|  0%| F|  |TAMS 0x0000000086d00000| PB 0x0000000086d00000| Untracked |  0
|  20|0x0000000086e00000, 0x0000000086e00000, 0x0000000086f00000|  0%| F|  |TAMS 0x0000000086e00000| PB 0x0000000086e00000| Untracked |  0
|  21|0x0000000086f00000, 0x0000000086f00000, 0x0000000087000000|  0%| F|  |TAMS 0x0000000086f00000| PB 0x0000000086f00000| Untracked |  0
|  22|0x0000000087000000, 0x0000000087000000, 0x0000000087100000|  0%| F|  |TAMS 0x0000000087000000| PB 0x0000000087000000| Untracked |  0
|  23|0x0000000087100000, 0x0000000087100000, 0x0000000087200000|  0%| F|  |TAMS 0x0000000087100000| PB 0x0000000087100000| Untracked |  0
|  24|0x0000000087200000, 0x0000000087200000, 0x0000000087300000|  0%| F|  |TAMS 0x0000000087200000| PB 0x0000000087200000| Untracked |  0
|  25|0x0000000087300000, 0x0000000087300000, 0x0000000087400000|  0%| F|  |TAMS 0x0000000087300000| PB 0x0000000087300000| Untracked |  0
|  26|0x0000000087400000, 0x0000000087400000, 0x0000000087500000|  0%| F|  |TAMS 0x0000000087400000| PB 0x0000000087400000| Untracked |  0
|  27|0x0000000087500000, 0x0000000087500000, 0x0000000087600000|  0%| F|  |TAMS 0x0000000087500000| PB 0x0000000087500000| Untracked |  0
|  28|0x0000000087600000, 0x0000000087600000, 0x0000000087700000|  0%| F|  |TAMS 0x0000000087600000| PB 0x0000000087600000| Untracked |  0
|  29|0x0000000087700000, 0x0000000087700000, 0x0000000087800000|  0%| F|  |TAMS 0x0000000087700000| PB 0x0000000087700000| Untracked |  0
|  30|0x0000000087800000, 0x0000000087800000, 0x0000000087900000|  0%| F|  |TAMS 0x0000000087800000| PB 0x0000000087800000| Untracked |  0
|  31|0x0000000087900000, 0x0000000087900000, 0x0000000087a00000|  0%| F|  |TAMS 0x0000000087900000| PB 0x0000000087900000| Untracked |  0
|  32|0x0000000087a00000, 0x0000000087a00000, 0x0000000087b00000|  0%| F|  |TAMS 0x0000000087a00000| PB 0x0000000087a00000| Untracked |  0
|  33|0x0000000087b00000, 0x0000000087b00000, 0x0000000087c00000|  0%| F|  |TAMS 0x0000000087b00000| PB 0x0000000087b00000| Untracked |  0
|  34|0x0000000087c00000, 0x0000000087c00000, 0x0000000087d00000|  0%| F|  |TAMS 0x0000000087c00000| PB 0x0000000087c00000| Untracked |  0
|  35|0x0000000087d00000, 0x0000000087d00000, 0x0000000087e00000|  0%| F|  |TAMS 0x0000000087d00000| PB 0x0000000087d00000| Untracked |  0
|  36|0x0000000087e00000, 0x0000000087e00000, 0x0000000087f00000|  0%| F|  |TAMS 0x0000000087e00000| PB 0x0000000087e00000| Untracked |  0
|  37|0x0000000087f00000, 0x0000000087f00000, 0x0000000088000000|  0%| F|  |TAMS 0x0000000087f00000| PB 0x0000000087f00000| Untracked |  0
|  38|0x0000000088000000, 0x0000000088000000, 0x0000000088100000|  0%| F|  |TAMS 0x0000000088000000| PB 0x0000000088000000| Untracked |  0
|  39|0x0000000088100000, 0x0000000088100000, 0x0000000088200000|  0%| F|  |TAMS 0x0000000088100000| PB 0x0000000088100000| Untracked |  0
|  40|0x0000000088200000, 0x0000000088200000, 0x0000000088300000|  0%| F|  |TAMS 0x0000000088200000| PB 0x0000000088200000| Untracked |  0
|  41|0x0000000088300000, 0x0000000088300000, 0x0000000088400000|  0%| F|  |TAMS 0x0000000088300000| PB 0x0000000088300000| Untracked |  0
|  42|0x0000000088400000, 0x0000000088400000, 0x0000000088500000|  0%| F|  |TAMS 0x0000000088400000| PB 0x0000000088400000| Untracked |  0
|  43|0x0000000088500000, 0x0000000088500000, 0x0000000088600000|  0%| F|  |TAMS 0x0000000088500000| PB 0x0000000088500000| Untracked |  0
|  44|0x0000000088600000, 0x0000000088600000, 0x0000000088700000|  0%| F|  |TAMS 0x0000000088600000| PB 0x0000000088600000| Untracked |  0
|  45|0x0000000088700000, 0x0000000088700000, 0x0000000088800000|  0%| F|  |TAMS 0x0000000088700000| PB 0x0000000088700000| Untracked |  0
|  46|0x0000000088800000, 0x0000000088800000, 0x0000000088900000|  0%| F|  |TAMS 0x0000000088800000| PB 0x0000000088800000| Untracked |  0
|  47|0x0000000088900000, 0x0000000088900000, 0x0000000088a00000|  0%| F|  |TAMS 0x0000000088900000| PB 0x0000000088900000| Untracked |  0
|  48|0x0000000088a00000, 0x0000000088a00000, 0x0000000088b00000|  0%| F|  |TAMS 0x0000000088a00000| PB 0x0000000088a00000| Untracked |  0
|  49|0x0000000088b00000, 0x0000000088b00000, 0x0000000088c00000|  0%| F|  |TAMS 0x0000000088b00000| PB 0x0000000088b00000| Untracked |  0
|  50|0x0000000088c00000, 0x0000000088c00000, 0x0000000088d00000|  0%| F|  |TAMS 0x0000000088c00000| PB 0x0000000088c00000| Untracked |  0
|  51|0x0000000088d00000, 0x0000000088d00000, 0x0000000088e00000|  0%| F|  |TAMS 0x0000000088d00000| PB 0x0000000088d00000| Untracked |  0
|  52|0x0000000088e00000, 0x0000000088e00000, 0x0000000088f00000|  0%| F|  |TAMS 0x0000000088e00000| PB 0x0000000088e00000| Untracked |  0
|  53|0x0000000088f00000, 0x0000000088f00000, 0x0000000089000000|  0%| F|  |TAMS 0x0000000088f00000| PB 0x0000000088f00000| Untracked |  0
|  54|0x0000000089000000, 0x0000000089000000, 0x0000000089100000|  0%| F|  |TAMS 0x0000000089000000| PB 0x0000000089000000| Untracked |  0
|  55|0x0000000089100000, 0x0000000089100000, 0x0000000089200000|  0%| F|  |TAMS 0x0000000089100000| PB 0x0000000089100000| Untracked |  0
|  56|0x0000000089200000, 0x0000000089200000, 0x0000000089300000|  0%| F|  |TAMS 0x0000000089200000| PB 0x0000000089200000| Untracked |  0
|  57|0x0000000089300000, 0x0000000089300000, 0x0000000089400000|  0%| F|  |TAMS 0x0000000089300000| PB 0x0000000089300000| Untracked |  0
|  58|0x0000000089400000, 0x0000000089400000, 0x0000000089500000|  0%| F|  |TAMS 0x0000000089400000| PB 0x0000000089400000| Untracked |  0
|  59|0x0000000089500000, 0x0000000089500000, 0x0000000089600000|  0%| F|  |TAMS 0x0000000089500000| PB 0x0000000089500000| Untracked |  0
|  60|0x0000000089600000, 0x0000000089600000, 0x0000000089700000|  0%| F|  |TAMS 0x0000000089600000| PB 0x0000000089600000| Untracked |  0
|  61|0x0000000089700000, 0x0000000089700000, 0x0000000089800000|  0%| F|  |TAMS 0x0000000089700000| PB 0x0000000089700000| Untracked |  0
|  62|0x0000000089800000, 0x0000000089800000, 0x0000000089900000|  0%| F|  |TAMS 0x0000000089800000| PB 0x0000000089800000| Untracked |  0
|  63|0x0000000089900000, 0x0000000089900000, 0x0000000089a00000|  0%| F|  |TAMS 0x0000000089900000| PB 0x0000000089900000| Untracked |  0
|  64|0x0000000089a00000, 0x0000000089a00000, 0x0000000089b00000|  0%| F|  |TAMS 0x0000000089a00000| PB 0x0000000089a00000| Untracked |  0
|  65|0x0000000089b00000, 0x0000000089b00000, 0x0000000089c00000|  0%| F|  |TAMS 0x0000000089b00000| PB 0x0000000089b00000| Untracked |  0
|  66|0x0000000089c00000, 0x0000000089c00000, 0x0000000089d00000|  0%| F|  |TAMS 0x0000000089c00000| PB 0x0000000089c00000| Untracked |  0
|  67|0x0000000089d00000, 0x0000000089d00000, 0x0000000089e00000|  0%| F|  |TAMS 0x0000000089d00000| PB 0x0000000089d00000| Untracked |  0
|  68|0x0000000089e00000, 0x0000000089e00000, 0x0000000089f00000|  0%| F|  |TAMS 0x0000000089e00000| PB 0x0000000089e00000| Untracked |  0
|  69|0x0000000089f00000, 0x0000000089f00000, 0x000000008a000000|  0%| F|  |TAMS 0x0000000089f00000| PB 0x0000000089f00000| Untracked |  0
|  70|0x000000008a000000, 0x000000008a000000, 0x000000008a100000|  0%| F|  |TAMS 0x000000008a000000| PB 0x000000008a000000| Untracked |  0
|  71|0x000000008a100000, 0x000000008a100000, 0x000000008a200000|  0%| F|  |TAMS 0x000000008a100000| PB 0x000000008a100000| Untracked |  0
|  72|0x000000008a200000, 0x000000008a200000, 0x000000008a300000|  0%| F|  |TAMS 0x000000008a200000| PB 0x000000008a200000| Untracked |  0
|  73|0x000000008a300000, 0x000000008a300000, 0x000000008a400000|  0%| F|  |TAMS 0x000000008a300000| PB 0x000000008a300000| Untracked |  0
|  74|0x000000008a400000, 0x000000008a400000, 0x000000008a500000|  0%| F|  |TAMS 0x000000008a400000| PB 0x000000008a400000| Untracked |  0
|  75|0x000000008a500000, 0x000000008a500000, 0x000000008a600000|  0%| F|  |TAMS 0x000000008a500000| PB 0x000000008a500000| Untracked |  0
|  76|0x000000008a600000, 0x000000008a600000, 0x000000008a700000|  0%| F|  |TAMS 0x000000008a600000| PB 0x000000008a600000| Untracked |  0
|  77|0x000000008a700000, 0x000000008a700000, 0x000000008a800000|  0%| F|  |TAMS 0x000000008a700000| PB 0x000000008a700000| Untracked |  0
|  78|0x000000008a800000, 0x000000008a800000, 0x000000008a900000|  0%| F|  |TAMS 0x000000008a800000| PB 0x000000008a800000| Untracked |  0
|  79|0x000000008a900000, 0x000000008a900000, 0x000000008aa00000|  0%| F|  |TAMS 0x000000008a900000| PB 0x000000008a900000| Untracked |  0
|  80|0x000000008aa00000, 0x000000008aa00000, 0x000000008ab00000|  0%| F|  |TAMS 0x000000008aa00000| PB 0x000000008aa00000| Untracked |  0
|  81|0x000000008ab00000, 0x000000008ab00000, 0x000000008ac00000|  0%| F|  |TAMS 0x000000008ab00000| PB 0x000000008ab00000| Untracked |  0
|  82|0x000000008ac00000, 0x000000008ac00000, 0x000000008ad00000|  0%| F|  |TAMS 0x000000008ac00000| PB 0x000000008ac00000| Untracked |  0
|  83|0x000000008ad00000, 0x000000008ad00000, 0x000000008ae00000|  0%| F|  |TAMS 0x000000008ad00000| PB 0x000000008ad00000| Untracked |  0
|  84|0x000000008ae00000, 0x000000008ae00000, 0x000000008af00000|  0%| F|  |TAMS 0x000000008ae00000| PB 0x000000008ae00000| Untracked |  0
|  85|0x000000008af00000, 0x000000008af00000, 0x000000008b000000|  0%| F|  |TAMS 0x000000008af00000| PB 0x000000008af00000| Untracked |  0
|  86|0x000000008b000000, 0x000000008b000000, 0x000000008b100000|  0%| F|  |TAMS 0x000000008b000000| PB 0x000000008b000000| Untracked |  0
|  87|0x000000008b100000, 0x000000008b100000, 0x000000008b200000|  0%| F|  |TAMS 0x000000008b100000| PB 0x000000008b100000| Untracked |  0
|  88|0x000000008b200000, 0x000000008b200000, 0x000000008b300000|  0%| F|  |TAMS 0x000000008b200000| PB 0x000000008b200000| Untracked |  0
|  89|0x000000008b300000, 0x000000008b300000, 0x000000008b400000|  0%| F|  |TAMS 0x000000008b300000| PB 0x000000008b300000| Untracked |  0
|  90|0x000000008b400000, 0x000000008b400000, 0x000000008b500000|  0%| F|  |TAMS 0x000000008b400000| PB 0x000000008b400000| Untracked |  0
|  91|0x000000008b500000, 0x000000008b500000, 0x000000008b600000|  0%| F|  |TAMS 0x000000008b500000| PB 0x000000008b500000| Untracked |  0
|  92|0x000000008b600000, 0x000000008b600000, 0x000000008b700000|  0%| F|  |TAMS 0x000000008b600000| PB 0x000000008b600000| Untracked |  0
|  93|0x000000008b700000, 0x000000008b700000, 0x000000008b800000|  0%| F|  |TAMS 0x000000008b700000| PB 0x000000008b700000| Untracked |  0
|  94|0x000000008b800000, 0x000000008b800000, 0x000000008b900000|  0%| F|  |TAMS 0x000000008b800000| PB 0x000000008b800000| Untracked |  0
|  95|0x000000008b900000, 0x000000008b900000, 0x000000008ba00000|  0%| F|  |TAMS 0x000000008b900000| PB 0x000000008b900000| Untracked |  0
|  96|0x000000008ba00000, 0x000000008ba00000, 0x000000008bb00000|  0%| F|  |TAMS 0x000000008ba00000| PB 0x000000008ba00000| Untracked |  0
|  97|0x000000008bb00000, 0x000000008bb00000, 0x000000008bc00000|  0%| F|  |TAMS 0x000000008bb00000| PB 0x000000008bb00000| Untracked |  0
|  98|0x000000008bc00000, 0x000000008bc00000, 0x000000008bd00000|  0%| F|  |TAMS 0x000000008bc00000| PB 0x000000008bc00000| Untracked |  0
|  99|0x000000008bd00000, 0x000000008bd00000, 0x000000008be00000|  0%| F|  |TAMS 0x000000008bd00000| PB 0x000000008bd00000| Untracked |  0
| 100|0x000000008be00000, 0x000000008be00000, 0x000000008bf00000|  0%| F|  |TAMS 0x000000008be00000| PB 0x000000008be00000| Untracked |  0
| 101|0x000000008bf00000, 0x000000008c000000, 0x000000008c000000|100%| E|  |TAMS 0x000000008bf00000| PB 0x000000008bf00000| Complete |  0
| 102|0x000000008c000000, 0x000000008c100000, 0x000000008c100000|100%| E|CS|TAMS 0x000000008c000000| PB 0x000000008c000000| Complete |  0
| 103|0x000000008c100000, 0x000000008c200000, 0x000000008c200000|100%| E|CS|TAMS 0x000000008c100000| PB 0x000000008c100000| Complete |  0
| 104|0x000000008c200000, 0x000000008c300000, 0x000000008c300000|100%| E|CS|TAMS 0x000000008c200000| PB 0x000000008c200000| Complete |  0
| 105|0x000000008c300000, 0x000000008c400000, 0x000000008c400000|100%| E|CS|TAMS 0x000000008c300000| PB 0x000000008c300000| Complete |  0
| 106|0x000000008c400000, 0x000000008c500000, 0x000000008c500000|100%| E|CS|TAMS 0x000000008c400000| PB 0x000000008c400000| Complete |  0
| 107|0x000000008c500000, 0x000000008c600000, 0x000000008c600000|100%| E|CS|TAMS 0x000000008c500000| PB 0x000000008c500000| Complete |  0
| 108|0x000000008c600000, 0x000000008c700000, 0x000000008c700000|100%| E|CS|TAMS 0x000000008c600000| PB 0x000000008c600000| Complete |  0
| 109|0x000000008c700000, 0x000000008c800000, 0x000000008c800000|100%| E|CS|TAMS 0x000000008c700000| PB 0x000000008c700000| Complete |  0
| 110|0x000000008c800000, 0x000000008c900000, 0x000000008c900000|100%| E|CS|TAMS 0x000000008c800000| PB 0x000000008c800000| Complete |  0
| 111|0x000000008c900000, 0x000000008ca00000, 0x000000008ca00000|100%| E|CS|TAMS 0x000000008c900000| PB 0x000000008c900000| Complete |  0
| 112|0x000000008ca00000, 0x000000008cb00000, 0x000000008cb00000|100%| E|  |TAMS 0x000000008ca00000| PB 0x000000008ca00000| Complete |  0
| 113|0x000000008cb00000, 0x000000008cc00000, 0x000000008cc00000|100%| E|CS|TAMS 0x000000008cb00000| PB 0x000000008cb00000| Complete |  0
| 114|0x000000008cc00000, 0x000000008cd00000, 0x000000008cd00000|100%| E|CS|TAMS 0x000000008cc00000| PB 0x000000008cc00000| Complete |  0
| 115|0x000000008cd00000, 0x000000008ce00000, 0x000000008ce00000|100%| E|CS|TAMS 0x000000008cd00000| PB 0x000000008cd00000| Complete |  0
| 116|0x000000008ce00000, 0x000000008cf00000, 0x000000008cf00000|100%| E|CS|TAMS 0x000000008ce00000| PB 0x000000008ce00000| Complete |  0
| 117|0x000000008cf00000, 0x000000008d000000, 0x000000008d000000|100%| E|CS|TAMS 0x000000008cf00000| PB 0x000000008cf00000| Complete |  0
| 118|0x000000008d000000, 0x000000008d100000, 0x000000008d100000|100%| E|CS|TAMS 0x000000008d000000| PB 0x000000008d000000| Complete |  0
| 119|0x000000008d100000, 0x000000008d200000, 0x000000008d200000|100%| E|CS|TAMS 0x000000008d100000| PB 0x000000008d100000| Complete |  0
| 120|0x000000008d200000, 0x000000008d300000, 0x000000008d300000|100%| E|CS|TAMS 0x000000008d200000| PB 0x000000008d200000| Complete |  0
| 121|0x000000008d300000, 0x000000008d400000, 0x000000008d400000|100%| E|CS|TAMS 0x000000008d300000| PB 0x000000008d300000| Complete |  0
| 122|0x000000008d400000, 0x000000008d500000, 0x000000008d500000|100%| E|CS|TAMS 0x000000008d400000| PB 0x000000008d400000| Complete |  0
| 123|0x000000008d500000, 0x000000008d600000, 0x000000008d600000|100%| E|CS|TAMS 0x000000008d500000| PB 0x000000008d500000| Complete |  0

Card table byte_map: [0x000001dd24fe0000,0x000001dd253c0000] _byte_map_base: 0x000001dd24bb3000

Marking Bits: (CMBitMap*) 0x000001dd0d1ec950
 Bits: [0x000001dd253c0000, 0x000001dd27258000)

Polling page: 0x000001dd0afd0000

Metaspace:

Usage:
  Non-class:      9.25 MB used.
      Class:      1.29 MB used.
       Both:     10.54 MB used.

Virtual space:
  Non-class space:       64.00 MB reserved,       9.38 MB ( 15%) committed,  1 nodes.
      Class space:        1.00 GB reserved,       1.44 MB ( <1%) committed,  1 nodes.
             Both:        1.06 GB reserved,      10.81 MB ( <1%) committed. 

Chunk freelists:
   Non-Class:  6.14 MB
       Class:  14.51 MB
        Both:  20.65 MB

MaxMetaspaceSize: unlimited
CompressedClassSpaceSize: 1.00 GB
Initial GC threshold: 21.00 MB
Current GC threshold: 21.00 MB
CDS: on
 - commit_granule_bytes: 65536.
 - commit_granule_words: 8192.
 - virtual_space_node_default_size: 8388608.
 - enlarge_chunks_in_place: 1.
 - use_allocation_guard: 0.


Internal statistics:

num_allocs_failed_limit: 0.
num_arena_births: 284.
num_arena_deaths: 0.
num_vsnodes_births: 2.
num_vsnodes_deaths: 0.
num_space_committed: 173.
num_space_uncommitted: 0.
num_chunks_returned_to_freelist: 0.
num_chunks_taken_from_freelist: 506.
num_chunk_merges: 0.
num_chunk_splits: 294.
num_chunks_enlarged: 146.
num_inconsistent_stats: 0.

CodeHeap 'non-profiled nmethods': size=120064Kb used=441Kb max_used=441Kb free=119622Kb
 bounds [0x000001dd1d390000, 0x000001dd1d600000, 0x000001dd248d0000]
CodeHeap 'profiled nmethods': size=120000Kb used=2023Kb max_used=2023Kb free=117976Kb
 bounds [0x000001dd158d0000, 0x000001dd15b40000, 0x000001dd1ce00000]
CodeHeap 'non-nmethods': size=5696Kb used=1591Kb max_used=1591Kb free=4104Kb
 bounds [0x000001dd1ce00000, 0x000001dd1d070000, 0x000001dd1d390000]
CodeCache: size=245760Kb, used=4055Kb, max_used=4055Kb, free=241702Kb
 total_blobs=2098, nmethods=1548, adapters=454, full_count=0
Compilation: enabled, stopped_count=0, restarted_count=0

Compilation events (20 events):
Event: 5.940 Thread 0x000001dd29c9c720 nmethod 1428 0x000001dd15a96208 code [0x000001dd15a96340, 0x000001dd15a96530]
Event: 5.942 Thread 0x000001dd29c9c720 1432       3       java.util.LinkedHashMap$LinkedHashIterator::hasNext (13 bytes)
Event: 5.943 Thread 0x000001dd29c9c720 nmethod 1432 0x000001dd15a96588 code [0x000001dd15a966a0, 0x000001dd15a96800]
Event: 5.943 Thread 0x000001dd29c9c720 1433       3       java.lang.invoke.DirectMethodHandle$Holder::newInvokeSpecial (21 bytes)
Event: 5.943 Thread 0x000001dd29c9c720 nmethod 1433 0x000001dd15a96888 code [0x000001dd15a969e0, 0x000001dd15a96f30]
Event: 5.943 Thread 0x000001dd29c9c720 1434       3       java.util.LinkedHashMap$LinkedHashIterator::nextNode (68 bytes)
Event: 5.943 Thread 0x000001dd29c9c720 nmethod 1434 0x000001dd15a96f88 code [0x000001dd15a970e0, 0x000001dd15a97458]
Event: 5.945 Thread 0x000001dd29c9c720 1436       3       java.nio.Buffer::limit (65 bytes)
Event: 5.945 Thread 0x000001dd29c8f630 1437       4       java.lang.StringBuilder::append (8 bytes)
Event: 5.945 Thread 0x000001dd29c9c720 nmethod 1436 0x000001dd15a97488 code [0x000001dd15a975c0, 0x000001dd15a97838]
Event: 5.945 Thread 0x000001dd29c9c720 1438       1       java.nio.Buffer::capacity (5 bytes)
Event: 5.945 Thread 0x000001dd29c9c720 nmethod 1438 0x000001dd1d3f7708 code [0x000001dd1d3f7820, 0x000001dd1d3f78e8]
Event: 5.946 Thread 0x000001dd29c9c720 1439       3       java.util.stream.ReferencePipeline$2$1::accept (27 bytes)
Event: 5.946 Thread 0x000001dd29c9c720 nmethod 1439 0x000001dd15a97888 code [0x000001dd15a979c0, 0x000001dd15a97cb0]
Event: 5.946 Thread 0x000001dd29c9c720 1440       3       java.util.stream.Sink$ChainedReference::cancellationRequested (10 bytes)
Event: 5.946 Thread 0x000001dd29c9c720 nmethod 1440 0x000001dd15a97d08 code [0x000001dd15a97e20, 0x000001dd15a97ff8]
Event: 5.946 Thread 0x000001dd29c9c720 1441       3       java.lang.invoke.MemberName$Factory::resolveOrNull (54 bytes)
Event: 5.946 Thread 0x000001dd29c9c720 nmethod 1441 0x000001dd15a98008 code [0x000001dd15a98140, 0x000001dd15a983d0]
Event: 5.946 Thread 0x000001dd29c9c720 1442       3       jdk.internal.org.objectweb.asm.ClassWriter::toByteArray (1517 bytes)
Event: 5.951 Thread 0x000001dd29c9c720 nmethod 1442 0x000001dd15a98408 code [0x000001dd15a98ce0, 0x000001dd15a9c800]

GC Heap History (0 events):
No events

Dll operation events (10 events):
Event: 0.085 Loaded shared library C:\Program Files\Java\jdk-23\bin\java.dll
Event: 0.256 Loaded shared library C:\Program Files\Java\jdk-23\bin\jsvml.dll
Event: 0.498 Loaded shared library C:\Program Files\Java\jdk-23\bin\net.dll
Event: 0.573 Loaded shared library C:\Program Files\Java\jdk-23\bin\nio.dll
Event: 0.619 Loaded shared library C:\Program Files\Java\jdk-23\bin\zip.dll
Event: 0.954 Loaded shared library C:\Program Files\Java\jdk-23\bin\jimage.dll
Event: 1.052 Loaded shared library C:\Program Files\Java\jdk-23\bin\extnet.dll
Event: 1.154 Loaded shared library C:\Program Files\Java\jdk-23\bin\management.dll
Event: 1.161 Loaded shared library C:\Program Files\Java\jdk-23\bin\management_ext.dll
Event: 3.791 Loaded shared library C:\Program Files\Java\jdk-23\bin\sunmscapi.dll

Deoptimization events (20 events):
Event: 3.545 Thread 0x000001dd0adfd060 DEOPT PACKING pc=0x000001dd15a01be7 sp=0x000000ab3fffcff0
Event: 3.545 Thread 0x000001dd0adfd060 DEOPT UNPACKING pc=0x000001dd1ce584c2 sp=0x000000ab3fffc468 mode 0
Event: 3.546 Thread 0x000001dd0adfd060 DEOPT PACKING pc=0x000001dd15a01be7 sp=0x000000ab3fffd0c0
Event: 3.546 Thread 0x000001dd0adfd060 DEOPT UNPACKING pc=0x000001dd1ce584c2 sp=0x000000ab3fffc538 mode 0
Event: 3.806 Thread 0x000001dd0adfd060 Uncommon trap: trap_request=0xffffff45 fr.pc=0x000001dd1d3df52c relative=0x00000000000001ec
Event: 3.806 Thread 0x000001dd0adfd060 Uncommon trap: reason=unstable_if action=reinterpret pc=0x000001dd1d3df52c method=java.util.HashMap.putVal(ILjava/lang/Object;Ljava/lang/Object;ZZ)Ljava/lang/Object; @ 162 c2
Event: 3.806 Thread 0x000001dd0adfd060 DEOPT PACKING pc=0x000001dd1d3df52c sp=0x000000ab3fffc5e0
Event: 3.806 Thread 0x000001dd0adfd060 DEOPT UNPACKING pc=0x000001dd1ce57982 sp=0x000000ab3fffc570 mode 2
Event: 3.867 Thread 0x000001dd0adfd060 Uncommon trap: trap_request=0xffffffde fr.pc=0x000001dd1d3ae854 relative=0x00000000000002f4
Event: 3.867 Thread 0x000001dd0adfd060 Uncommon trap: reason=class_check action=maybe_recompile pc=0x000001dd1d3ae854 method=java.util.regex.Pattern$BmpCharPropertyGreedy.match(Ljava/util/regex/Matcher;ILjava/lang/CharSequence;)Z @ 26 c2
Event: 3.867 Thread 0x000001dd0adfd060 DEOPT PACKING pc=0x000001dd1d3ae854 sp=0x000000ab3fffdfc0
Event: 3.867 Thread 0x000001dd0adfd060 DEOPT UNPACKING pc=0x000001dd1ce57982 sp=0x000000ab3fffdf78 mode 2
Event: 3.867 Thread 0x000001dd0adfd060 Uncommon trap: trap_request=0xffffffde fr.pc=0x000001dd1d3ae854 relative=0x00000000000002f4
Event: 3.867 Thread 0x000001dd0adfd060 Uncommon trap: reason=class_check action=maybe_recompile pc=0x000001dd1d3ae854 method=java.util.regex.Pattern$BmpCharPropertyGreedy.match(Ljava/util/regex/Matcher;ILjava/lang/CharSequence;)Z @ 26 c2
Event: 3.867 Thread 0x000001dd0adfd060 DEOPT PACKING pc=0x000001dd1d3ae854 sp=0x000000ab3fffdfc0
Event: 3.867 Thread 0x000001dd0adfd060 DEOPT UNPACKING pc=0x000001dd1ce57982 sp=0x000000ab3fffdf78 mode 2
Event: 3.888 Thread 0x000001dd6f835f00 Uncommon trap: trap_request=0xffffffde fr.pc=0x000001dd1d3ae854 relative=0x00000000000002f4
Event: 3.888 Thread 0x000001dd6f835f00 Uncommon trap: reason=class_check action=maybe_recompile pc=0x000001dd1d3ae854 method=java.util.regex.Pattern$BmpCharPropertyGreedy.match(Ljava/util/regex/Matcher;ILjava/lang/CharSequence;)Z @ 26 c2
Event: 3.888 Thread 0x000001dd6f835f00 DEOPT PACKING pc=0x000001dd1d3ae854 sp=0x000000ab416fe7c0
Event: 3.888 Thread 0x000001dd6f835f00 DEOPT UNPACKING pc=0x000001dd1ce57982 sp=0x000000ab416fe758 mode 2

Classes loaded (20 events):
Event: 5.937 Loading class java/io/ObjectInputStream
Event: 5.937 Loading class java/io/ObjectInput
Event: 5.937 Loading class java/io/ObjectInput done
Event: 5.937 Loading class java/io/ObjectStreamConstants
Event: 5.938 Loading class java/io/ObjectStreamConstants done
Event: 5.938 Loading class java/io/ObjectInputStream done
Event: 5.938 Loading class java/lang/CloneNotSupportedException
Event: 5.938 Loading class java/lang/CloneNotSupportedException done
Event: 5.940 Loading class java/lang/StringLatin1$CharsSpliterator
Event: 5.941 Loading class java/lang/StringLatin1$CharsSpliterator done
Event: 5.941 Loading class java/util/stream/IntPipeline$Head
Event: 5.941 Loading class java/util/stream/IntPipeline
Event: 5.941 Loading class java/util/stream/IntStream
Event: 5.941 Loading class java/util/stream/IntStream done
Event: 5.942 Loading class java/util/stream/IntPipeline done
Event: 5.942 Loading class java/util/stream/IntPipeline$Head done
Event: 5.943 Loading class java/io/ObjectOutputStream
Event: 5.943 Loading class java/io/ObjectOutput
Event: 5.943 Loading class java/io/ObjectOutput done
Event: 5.943 Loading class java/io/ObjectOutputStream done

Classes unloaded (0 events):
No events

Classes redefined (0 events):
No events

Internal exceptions (20 events):
Event: 3.417 Thread 0x000001dd0adfd060 Exception <a 'sun/nio/fs/WindowsException'{0x000000008cb0af58}> (0x000000008cb0af58) 
thrown [s\open\src\hotspot\share\prims\jni.cpp, line 520]
Event: 3.509 Thread 0x000001dd0adfd060 Exception <a 'java/lang/NoSuchMethodError'{0x000000008cadbf88}: 'void java.lang.invoke.DirectMethodHandle$Holder.invokeVirtual(java.lang.Object, java.lang.Object)'> (0x000000008cadbf88) 
thrown [s\open\src\hotspot\share\interpreter\linkResolver.cpp, line 796]
Event: 3.570 Thread 0x000001dd0adfd060 Exception <a 'java/lang/NoSuchMethodError'{0x000000008c5716c0}: 'java.lang.Object java.lang.invoke.DirectMethodHandle$Holder.invokeStaticInit(java.lang.Object, int, int, int, int)'> (0x000000008c5716c0) 
thrown [s\open\src\hotspot\share\interpreter\linkResolver.cpp, line 796]
Event: 3.753 Thread 0x000001dd0adfd060 Exception <a 'java/lang/NoSuchMethodError'{0x000000008c434400}: 'java.lang.Object java.lang.invoke.DirectMethodHandle$Holder.invokeStaticInit(java.lang.Object, java.lang.Object, int, int, int, int)'> (0x000000008c434400) 
thrown [s\open\src\hotspot\share\interpreter\linkResolver.cpp, line 796]
Event: 3.865 Thread 0x000001dd0adfd060 Exception <a 'java/lang/NoSuchMethodError'{0x000000008c364798}: 'java.lang.Object java.lang.invoke.DirectMethodHandle$Holder.invokeInterface(java.lang.Object, java.lang.Object, java.lang.Object)'> (0x000000008c364798) 
thrown [s\open\src\hotspot\share\interpreter\linkResolver.cpp, line 796]
Event: 3.865 Thread 0x000001dd0adfd060 Exception <a 'java/lang/IncompatibleClassChangeError'{0x000000008c367ba8}: Found class java.lang.Object, but interface was expected> (0x000000008c367ba8) 
thrown [s\open\src\hotspot\share\interpreter\linkResolver.cpp, line 863]
Event: 3.866 Thread 0x000001dd0adfd060 Exception <a 'java/lang/NoSuchMethodError'{0x000000008c36f048}: 'int java.lang.invoke.DirectMethodHandle$Holder.invokeSpecialIFC(java.lang.Object, java.lang.Object, java.lang.Object, java.lang.Object)'> (0x000000008c36f048) 
thrown [s\open\src\hotspot\share\interpreter\linkResolver.cpp, line 796]
Event: 3.869 Thread 0x000001dd0adfd060 Exception <a 'java/lang/NoSuchMethodError'{0x000000008c391ea8}: 'java.lang.Object java.lang.invoke.DirectMethodHandle$Holder.invokeVirtual(java.lang.Object, java.lang.Object, java.lang.Object, java.lang.Object)'> (0x000000008c391ea8) 
thrown [s\open\src\hotspot\share\interpreter\linkResolver.cpp, line 796]
Event: 3.895 Thread 0x000001dd6f835f00 Exception <a 'java/net/ConnectException'{0x000000008c289c88}: Connection refused: getsockopt> (0x000000008c289c88) 
thrown [s\open\src\hotspot\share\prims\jni.cpp, line 539]
Event: 3.916 Thread 0x000001dd6f835f00 Exception <a 'java/net/ConnectException'{0x000000008c28ade0}: Connection refused: getsockopt> (0x000000008c28ade0) 
thrown [s\open\src\hotspot\share\prims\jni.cpp, line 539]
Event: 3.947 Thread 0x000001dd6f835f00 Exception <a 'java/net/ConnectException'{0x000000008c28bd30}: Connection refused: getsockopt> (0x000000008c28bd30) 
thrown [s\open\src\hotspot\share\prims\jni.cpp, line 539]
Event: 3.993 Thread 0x000001dd6f835f00 Exception <a 'java/net/ConnectException'{0x000000008c28cc80}: Connection refused: getsockopt> (0x000000008c28cc80) 
thrown [s\open\src\hotspot\share\prims\jni.cpp, line 539]
Event: 4.101 Thread 0x000001dd6f835f00 Exception <a 'java/net/ConnectException'{0x000000008c28dbd0}: Connection refused: getsockopt> (0x000000008c28dbd0) 
thrown [s\open\src\hotspot\share\prims\jni.cpp, line 539]
Event: 4.274 Thread 0x000001dd6f835f00 Exception <a 'java/net/ConnectException'{0x000000008c28eb20}: Connection refused: getsockopt> (0x000000008c28eb20) 
thrown [s\open\src\hotspot\share\prims\jni.cpp, line 539]
Event: 4.600 Thread 0x000001dd6f835f00 Exception <a 'java/net/ConnectException'{0x000000008c28fa70}: Connection refused: getsockopt> (0x000000008c28fa70) 
thrown [s\open\src\hotspot\share\prims\jni.cpp, line 539]
Event: 4.927 Thread 0x000001dd6f835f00 Exception <a 'java/net/ConnectException'{0x000000008c2909c0}: Connection refused: getsockopt> (0x000000008c2909c0) 
thrown [s\open\src\hotspot\share\prims\jni.cpp, line 539]
Event: 5.256 Thread 0x000001dd6f835f00 Exception <a 'java/net/ConnectException'{0x000000008c291910}: Connection refused: getsockopt> (0x000000008c291910) 
thrown [s\open\src\hotspot\share\prims\jni.cpp, line 539]
Event: 5.582 Thread 0x000001dd6f835f00 Exception <a 'java/net/ConnectException'{0x000000008c292860}: Connection refused: getsockopt> (0x000000008c292860) 
thrown [s\open\src\hotspot\share\prims\jni.cpp, line 539]
Event: 5.940 Thread 0x000001dd0adfd060 Exception <a 'java/lang/NoSuchMethodError'{0x000000008c167d78}: 'java.lang.Object java.lang.invoke.DirectMethodHandle$Holder.newInvokeSpecial(java.lang.Object, java.lang.Object, int, int)'> (0x000000008c167d78) 
thrown [s\open\src\hotspot\share\interpreter\linkResolver.cpp, line 796]
Event: 5.942 Thread 0x000001dd0adfd060 Exception <a 'java/lang/NoSuchMethodError'{0x000000008c172628}: 'void java.lang.invoke.DirectMethodHandle$Holder.invokeStatic(java.lang.Object, java.lang.Object, int)'> (0x000000008c172628) 
thrown [s\open\src\hotspot\share\interpreter\linkResolver.cpp, line 796]

VM Operations (16 events):
Event: 0.620 Executing VM operation: HandshakeAllThreads (Deoptimize)
Event: 0.620 Executing VM operation: HandshakeAllThreads (Deoptimize) done
Event: 1.034 Executing VM operation: HandshakeAllThreads (Deoptimize)
Event: 1.034 Executing VM operation: HandshakeAllThreads (Deoptimize) done
Event: 1.184 Executing VM operation: HandshakeAllThreads (Deoptimize)
Event: 1.184 Executing VM operation: HandshakeAllThreads (Deoptimize) done
Event: 1.188 Executing VM operation: HandshakeAllThreads (Deoptimize)
Event: 1.188 Executing VM operation: HandshakeAllThreads (Deoptimize) done
Event: 2.834 Executing VM operation: HandshakeAllThreads (Deoptimize)
Event: 2.834 Executing VM operation: HandshakeAllThreads (Deoptimize) done
Event: 3.353 Executing VM operation: HandshakeAllThreads (Deoptimize)
Event: 3.353 Executing VM operation: HandshakeAllThreads (Deoptimize) done
Event: 3.880 Executing VM operation: HandshakeAllThreads (Deoptimize)
Event: 3.880 Executing VM operation: HandshakeAllThreads (Deoptimize) done
Event: 5.920 Executing VM operation: HandshakeAllThreads (Deoptimize)
Event: 5.920 Executing VM operation: HandshakeAllThreads (Deoptimize) done

Memory protections (0 events):
No events

Nmethod flushes (0 events):
No events

Events (20 events):
Event: 0.181 Thread 0x000001dd0adfd060 Thread added: 0x000001dd0adfd060
Event: 0.247 Thread 0x000001dd0adfd060 Thread added: 0x000001dd29c7b6b0
Event: 0.247 Thread 0x000001dd0adfd060 Thread added: 0x000001dd29c7c170
Event: 0.248 Thread 0x000001dd0adfd060 Thread added: 0x000001dd29c7f390
Event: 0.248 Thread 0x000001dd0adfd060 Thread added: 0x000001dd29c80300
Event: 0.248 Thread 0x000001dd0adfd060 Thread added: 0x000001dd29c80b90
Event: 0.248 Thread 0x000001dd0adfd060 Thread added: 0x000001dd29c812f0
Event: 0.248 Thread 0x000001dd0adfd060 Thread added: 0x000001dd29c8f630
Event: 0.249 Thread 0x000001dd0adfd060 Thread added: 0x000001dd29c9c720
Event: 0.280 Thread 0x000001dd0adfd060 Thread added: 0x000001dd6f0f5850
Event: 0.291 Thread 0x000001dd0adfd060 Thread added: 0x000001dd6f0f8ae0
Event: 1.245 Thread 0x000001dd0adfd060 Thread added: 0x000001dd6f288df0
Event: 2.716 Thread 0x000001dd6f288df0 Thread exited: 0x000001dd6f288df0
Event: 2.911 Thread 0x000001dd0adfd060 Thread added: 0x000001dd6f189e30
Event: 3.847 Thread 0x000001dd0adfd060 Thread added: 0x000001dd6f983f00
Event: 3.879 Thread 0x000001dd0adfd060 Thread added: 0x000001dd6f7d49f0
Event: 3.880 Thread 0x000001dd0adfd060 Thread added: 0x000001dd6f7ea4a0
Event: 3.881 Thread 0x000001dd0adfd060 Thread added: 0x000001dd6f831060
Event: 3.884 Thread 0x000001dd6f7ea4a0 Thread added: 0x000001dd6f835f00
Event: 5.920 Thread 0x000001dd6f835f00 Thread added: 0x000001dd6f0ad920


Dynamic libraries:
0x00007ff75afa0000 - 0x00007ff75afb0000 	C:\Program Files\Java\jdk-23\bin\javaw.exe
0x00007ffd919f0000 - 0x00007ffd91c07000 	C:\WINDOWS\SYSTEM32\ntdll.dll
0x00007ffd8f790000 - 0x00007ffd8f854000 	C:\WINDOWS\System32\KERNEL32.DLL
0x00007ffd8efc0000 - 0x00007ffd8f37a000 	C:\WINDOWS\System32\KERNELBASE.dll
0x00007ffd8f400000 - 0x00007ffd8f511000 	C:\WINDOWS\System32\ucrtbase.dll
0x00007ffd7ec10000 - 0x00007ffd7ec27000 	C:\Program Files\Java\jdk-23\bin\jli.dll
0x00007ffd82420000 - 0x00007ffd8243b000 	C:\Program Files\Java\jdk-23\bin\VCRUNTIME140.dll
0x00007ffd8faa0000 - 0x00007ffd8fc4e000 	C:\WINDOWS\System32\USER32.dll
0x00007ffd8f690000 - 0x00007ffd8f6b6000 	C:\WINDOWS\System32\win32u.dll
0x00007ffd90420000 - 0x00007ffd90449000 	C:\WINDOWS\System32\GDI32.dll
0x00007ffd8eea0000 - 0x00007ffd8efbb000 	C:\WINDOWS\System32\gdi32full.dll
0x00007ffd8ecc0000 - 0x00007ffd8ed5a000 	C:\WINDOWS\System32\msvcp_win.dll
0x00007ffd730d0000 - 0x00007ffd73362000 	C:\WINDOWS\WinSxS\amd64_microsoft.windows.common-controls_6595b64144ccf1df_6.0.22621.4541_none_2710d1c57384c085\COMCTL32.dll
0x00007ffd907e0000 - 0x00007ffd90887000 	C:\WINDOWS\System32\msvcrt.dll
0x00007ffd8f6f0000 - 0x00007ffd8f721000 	C:\WINDOWS\System32\IMM32.DLL
0x00007ffd872f0000 - 0x00007ffd872fc000 	C:\Program Files\Java\jdk-23\bin\vcruntime140_1.dll
0x00007ffd5c0b0000 - 0x00007ffd5c13e000 	C:\Program Files\Java\jdk-23\bin\msvcp140.dll
0x00007ffd0f4d0000 - 0x00007ffd1021f000 	C:\Program Files\Java\jdk-23\bin\server\jvm.dll
0x00007ffd90080000 - 0x00007ffd90132000 	C:\WINDOWS\System32\ADVAPI32.dll
0x00007ffd8fc50000 - 0x00007ffd8fcf7000 	C:\WINDOWS\System32\sechost.dll
0x00007ffd8f6c0000 - 0x00007ffd8f6e8000 	C:\WINDOWS\System32\bcrypt.dll
0x00007ffd8fd00000 - 0x00007ffd8fe14000 	C:\WINDOWS\System32\RPCRT4.dll
0x00007ffd8fa20000 - 0x00007ffd8fa91000 	C:\WINDOWS\System32\WS2_32.dll
0x00007ffd8e290000 - 0x00007ffd8e2dd000 	C:\WINDOWS\SYSTEM32\POWRPROF.dll
0x00007ffd863f0000 - 0x00007ffd86424000 	C:\WINDOWS\SYSTEM32\WINMM.dll
0x00007ffd81090000 - 0x00007ffd8109a000 	C:\WINDOWS\SYSTEM32\VERSION.dll
0x00007ffd8e160000 - 0x00007ffd8e173000 	C:\WINDOWS\SYSTEM32\UMPDC.dll
0x00007ffd8dd50000 - 0x00007ffd8dd68000 	C:\WINDOWS\SYSTEM32\kernel.appcore.dll
0x00007ffd872b0000 - 0x00007ffd872ba000 	C:\Program Files\Java\jdk-23\bin\jimage.dll
0x00007ffd8c590000 - 0x00007ffd8c7c2000 	C:\WINDOWS\SYSTEM32\DBGHELP.DLL
0x00007ffd90450000 - 0x00007ffd907df000 	C:\WINDOWS\System32\combase.dll
0x00007ffd8ffa0000 - 0x00007ffd90077000 	C:\WINDOWS\System32\OLEAUT32.dll
0x00007ffd6db50000 - 0x00007ffd6db82000 	C:\WINDOWS\SYSTEM32\dbgcore.DLL
0x00007ffd8ed60000 - 0x00007ffd8eddb000 	C:\WINDOWS\System32\bcryptPrimitives.dll
0x00007ffd75670000 - 0x00007ffd7568e000 	C:\Program Files\Java\jdk-23\bin\java.dll
0x00007ffd90180000 - 0x00007ffd90325000 	C:\WINDOWS\System32\ole32.dll
0x00007ffd90c00000 - 0x00007ffd91478000 	C:\WINDOWS\System32\SHELL32.dll
0x00007ffd8cbb0000 - 0x00007ffd8d4b8000 	C:\WINDOWS\SYSTEM32\windows.storage.dll
0x00007ffd8ca70000 - 0x00007ffd8cbaf000 	C:\WINDOWS\SYSTEM32\wintypes.dll
0x00007ffd90920000 - 0x00007ffd90a1a000 	C:\WINDOWS\System32\SHCORE.dll
0x00007ffd90ba0000 - 0x00007ffd90bfe000 	C:\WINDOWS\System32\shlwapi.dll
0x00007ffd8ebf0000 - 0x00007ffd8ec1b000 	C:\WINDOWS\SYSTEM32\profapi.dll
0x00007ffd4b420000 - 0x00007ffd4b4f7000 	C:\Program Files\Java\jdk-23\bin\jsvml.dll
0x00007ffd85950000 - 0x00007ffd85960000 	C:\Program Files\Java\jdk-23\bin\net.dll
0x00007ffd8e220000 - 0x00007ffd8e289000 	C:\WINDOWS\system32\mswsock.dll
0x00007ffd753a0000 - 0x00007ffd753b6000 	C:\Program Files\Java\jdk-23\bin\nio.dll
0x00007ffd75360000 - 0x00007ffd75377000 	C:\Program Files\Java\jdk-23\bin\zip.dll
0x00007ffd83260000 - 0x00007ffd83269000 	C:\Program Files\Java\jdk-23\bin\extnet.dll
0x00007ffd8d740000 - 0x00007ffd8d842000 	C:\WINDOWS\SYSTEM32\DNSAPI.dll
0x00007ffd8d710000 - 0x00007ffd8d73d000 	C:\WINDOWS\SYSTEM32\IPHLPAPI.DLL
0x00007ffd90140000 - 0x00007ffd90149000 	C:\WINDOWS\System32\NSI.dll
0x00007ffd83f30000 - 0x00007ffd83f3a000 	C:\Windows\System32\rasadhlp.dll
0x00007ffd83b00000 - 0x00007ffd83b83000 	C:\WINDOWS\System32\fwpuclnt.dll
0x00007ffd83b90000 - 0x00007ffd83b9a000 	C:\Program Files\Java\jdk-23\bin\management.dll
0x00007ffd832a0000 - 0x00007ffd832ab000 	C:\Program Files\Java\jdk-23\bin\management_ext.dll
0x00007ffd90b90000 - 0x00007ffd90b98000 	C:\WINDOWS\System32\PSAPI.DLL
0x00007ffd8e4c0000 - 0x00007ffd8e4db000 	C:\WINDOWS\SYSTEM32\CRYPTSP.dll
0x00007ffd8dca0000 - 0x00007ffd8dcd5000 	C:\WINDOWS\system32\rsaenh.dll
0x00007ffd8e360000 - 0x00007ffd8e388000 	C:\WINDOWS\SYSTEM32\USERENV.dll
0x00007ffd8e4e0000 - 0x00007ffd8e4ec000 	C:\WINDOWS\SYSTEM32\CRYPTBASE.dll
0x00007ffd84130000 - 0x00007ffd8413e000 	C:\Program Files\Java\jdk-23\bin\sunmscapi.dll
0x00007ffd8f520000 - 0x00007ffd8f686000 	C:\WINDOWS\System32\CRYPT32.dll
0x00007ffd8e660000 - 0x00007ffd8e68d000 	C:\WINDOWS\SYSTEM32\ncrypt.dll
0x00007ffd8e620000 - 0x00007ffd8e657000 	C:\WINDOWS\SYSTEM32\NTASN1.dll
0x00007ffd60b80000 - 0x00007ffd60b88000 	C:\WINDOWS\system32\wshunix.dll

dbghelp: loaded successfully - version: 4.0.5 - missing functions: none
symbol engine: initialized successfully - sym options: 0x614 - pdb path: .;C:\Program Files\Java\jdk-23\bin;C:\WINDOWS\SYSTEM32;C:\WINDOWS\WinSxS\amd64_microsoft.windows.common-controls_6595b64144ccf1df_6.0.22621.4541_none_2710d1c57384c085;C:\Program Files\Java\jdk-23\bin\server

VM Arguments:
jvm_args: -Dfile.encoding=UTF-8 -Dstdout.encoding=UTF-8 -Dstderr.encoding=UTF-8 -XX:+ShowCodeDetailsInExceptionMessages 
java_command: WebDriverAssignments.RedBus
java_class_path (initial): C:\Users\Hp\Documents\Automation\Selenium\Rashmi_SeleniumDemos\MyAutomationProject\bin;C:\Users\Hp\Documents\Automation\Selenium\Selenium Jar Files\selenium-server-4.28.0.jar
Launcher Type: SUN_STANDARD

[Global flags]
     intx CICompilerCount                          = 4                                         {product} {ergonomic}
     uint ConcGCThreads                            = 2                                         {product} {ergonomic}
     uint G1ConcRefinementThreads                  = 8                                         {product} {ergonomic}
   size_t G1HeapRegionSize                         = 1048576                                   {product} {ergonomic}
   size_t InitialHeapSize                          = 130023424                                 {product} {ergonomic}
   size_t MarkStackSize                            = 4194304                                   {product} {ergonomic}
   size_t MarkStackSizeMax                         = 536870912                                 {product} {ergonomic}
   size_t MaxHeapSize                              = 2053111808                                {product} {ergonomic}
   size_t MaxNewSize                               = 1231028224                                {product} {ergonomic}
   size_t MinHeapDeltaBytes                        = 1048576                                   {product} {ergonomic}
   size_t MinHeapSize                              = 8388608                                   {product} {ergonomic}
    uintx NonNMethodCodeHeapSize                   = 5832704                                {pd product} {ergonomic}
    uintx NonProfiledCodeHeapSize                  = 122945536                              {pd product} {ergonomic}
    uintx ProfiledCodeHeapSize                     = 122880000                              {pd product} {ergonomic}
    uintx ReservedCodeCacheSize                    = 251658240                              {pd product} {ergonomic}
     bool SegmentedCodeCache                       = true                                      {product} {ergonomic}
     bool ShowCodeDetailsInExceptionMessages       = true                                   {manageable} {command line}
   size_t SoftMaxHeapSize                          = 2053111808                             {manageable} {ergonomic}
     bool UseCompressedOops                        = true                           {product lp64_product} {ergonomic}
     bool UseG1GC                                  = true                                      {product} {ergonomic}
     bool UseLargePagesIndividualAllocation        = false                                  {pd product} {ergonomic}

Logging:
Log output configuration:
 #0: stdout all=warning uptime,level,tags foldmultilines=false
 #1: stderr all=off uptime,level,tags foldmultilines=false

Environment Variables:
JAVA_HOME=C:\Program Files\Java\jdk-23
PATH=C:\Program Files\Common Files\Oracle\Java\javapath;C:\WINDOWS\system32;C:\WINDOWS;C:\WINDOWS\System32\Wbem;C:\WINDOWS\System32\WindowsPowerShell\v1.0\;C:\WINDOWS\System32\OpenSSH\;C:\Program Files\Java\jdk-23\bin;C:\Program Files\MySQL\MySQL Shell 8.0\bin\;C:\Users\Hp\AppData\Local\Microsoft\WindowsApps;
USERNAME=Hp
OS=Windows_NT
PROCESSOR_IDENTIFIER=Intel64 Family 6 Model 140 Stepping 1, GenuineIntel
TMP=C:\Users\Hp\AppData\Local\Temp
TEMP=C:\Users\Hp\AppData\Local\Temp




Periodic native trim disabled

---------------  S Y S T E M  ---------------

OS:
 Windows 11 , 64 bit Build 22621 (10.0.22621.4391)
OS uptime: 33 days 19:58 hours
Hyper-V role detected

CPU: total 8 (initial active 8) (4 cores per cpu, 2 threads per core) family 6 model 140 stepping 1 microcode 0xb4, cx8, cmov, fxsr, ht, mmx, 3dnowpref, sse, sse2, sse3, ssse3, sse4.1, sse4.2, popcnt, lzcnt, tsc, tscinvbit, avx, avx2, aes, erms, clmul, bmi1, bmi2, adx, avx512f, avx512dq, avx512cd, avx512bw, avx512vl, sha, fma, vzeroupper, avx512_vpopcntdq, avx512_vpclmulqdq, avx512_vaes, avx512_vnni, clflush, clflushopt, clwb, avx512_vbmi2, avx512_vbmi, hv, rdtscp, rdpid, fsrm, gfni, avx512_bitalg, f16c, cet_ibt, cet_ss, avx512_ifma
Processor Information for processor 0
  Max Mhz: 2419, Current Mhz: 2419, Mhz Limit: 2419
Processor Information for processor 1
  Max Mhz: 2419, Current Mhz: 2419, Mhz Limit: 2419
Processor Information for processor 2
  Max Mhz: 2419, Current Mhz: 2419, Mhz Limit: 2419
Processor Information for processor 3
  Max Mhz: 2419, Current Mhz: 2419, Mhz Limit: 2419
Processor Information for processor 4
  Max Mhz: 2419, Current Mhz: 2419, Mhz Limit: 2419
Processor Information for processor 5
  Max Mhz: 2419, Current Mhz: 2419, Mhz Limit: 2419
Processor Information for processor 6
  Max Mhz: 2419, Current Mhz: 2419, Mhz Limit: 2419
Processor Information for processor 7
  Max Mhz: 2419, Current Mhz: 1209, Mhz Limit: 2419

Memory: 4k page, system-wide physical 7831M (239M free)
TotalPageFile size 31383M (AvailPageFile size 0M)
current process WorkingSet (physical memory assigned to process): 87M, peak: 87M
current process commit charge ("private bytes"): 224M, peak: 224M

vm_info: Java HotSpot(TM) 64-Bit Server VM (23.0.1+11-39) for windows-amd64 JRE (23.0.1+11-39), built on 2024-09-30T07:20:43Z with MS VC++ 17.6 (VS2022)

END.
